<?xml version="1.0" encoding="UTF-8"?>
<!-- Generated by org.testng.reporters.JUnitReportReporter -->
<testsuite hostname="DESKTOP-H5ORKGB" name="suitetest.CartSuiteTest" tests="1" failures="0" timestamp="17 May 2020 17:59:07 GMT" time="29.495" errors="0">
  <testcase name="validaInclusaoEExclusaoItens" time="29.495" classname="suitetest.CartSuiteTest"/>
</testsuite> <!-- suitetest.CartSuiteTest -->
