<?xml version="1.0" encoding="UTF-8"?>
<!-- Generated by org.testng.reporters.JUnitReportReporter -->
<testsuite hostname="DESKTOP-H5ORKGB" failures="0" tests="3" name="suitetest.CartSuiteTest" time="71.734" errors="0" timestamp="17 May 2020 20:35:40 GMT">
  <testcase classname="suitetest.CartSuiteTest" name="validaInsercaoDeItem" time="21.710"/>
  <testcase classname="suitetest.CartSuiteTest" name="validaSomaQuantidadeNoCarrinho" time="23.425"/>
  <testcase classname="suitetest.CartSuiteTest" name="validaInclusaoEExclusaoItens" time="26.599"/>
</testsuite> <!-- suitetest.CartSuiteTest -->
